  a_i = 0000, b_i = 0000
[0;31mError![0m: quot_o should be 0000, got 0000 (a_i is 0000, b_i is 0000)
  a_i = 0000, b_i = 0001
  a_i = 0000, b_i = 0010
  a_i = 0000, b_i = 0011
  a_i = 0000, b_i = 0100
  a_i = 0000, b_i = 0101
  a_i = 0000, b_i = 0110
  a_i = 0000, b_i = 0111
  a_i = 0000, b_i = 1000
  a_i = 0000, b_i = 1001
  a_i = 0000, b_i = 1010
  a_i = 0000, b_i = 1011
  a_i = 0000, b_i = 1100
  a_i = 0000, b_i = 1101
  a_i = 0000, b_i = 1110
  a_i = 0000, b_i = 1111
  a_i = 0001, b_i = 0000
[0;31mError![0m: quot_o should be 0000, got 0001 (a_i is 0001, b_i is 0000)
  a_i = 0001, b_i = 0001
[0;31mError![0m: quot_o should be 0001, got 0000 (a_i is 0001, b_i is 0001)
  a_i = 0001, b_i = 0010
[0;31mError![0m: quot_o should be 0000, got 0001 (a_i is 0001, b_i is 0010)
  a_i = 0001, b_i = 0011
[0;31mError![0m: quot_o should be 0000, got 0001 (a_i is 0001, b_i is 0011)
  a_i = 0001, b_i = 0100
[0;31mError![0m: quot_o should be 0000, got 0001 (a_i is 0001, b_i is 0100)
  a_i = 0001, b_i = 0101
[0;31mError![0m: quot_o should be 0000, got 0001 (a_i is 0001, b_i is 0101)
  a_i = 0001, b_i = 0110
[0;31mError![0m: quot_o should be 0000, got 0001 (a_i is 0001, b_i is 0110)
  a_i = 0001, b_i = 0111
[0;31mError![0m: quot_o should be 0000, got 0001 (a_i is 0001, b_i is 0111)
  a_i = 0001, b_i = 1000
[0;31mError![0m: quot_o should be 0000, got 0001 (a_i is 0001, b_i is 1000)
  a_i = 0001, b_i = 1001
[0;31mError![0m: quot_o should be 0000, got 0001 (a_i is 0001, b_i is 1001)
  a_i = 0001, b_i = 1010
[0;31mError![0m: quot_o should be 0000, got 0001 (a_i is 0001, b_i is 1010)
  a_i = 0001, b_i = 1011
[0;31mError![0m: quot_o should be 0000, got 0001 (a_i is 0001, b_i is 1011)
  a_i = 0001, b_i = 1100
[0;31mError![0m: quot_o should be 0000, got 0001 (a_i is 0001, b_i is 1100)
  a_i = 0001, b_i = 1101
[0;31mError![0m: quot_o should be 0000, got 0001 (a_i is 0001, b_i is 1101)
  a_i = 0001, b_i = 1110
[0;31mError![0m: quot_o should be 0000, got 0001 (a_i is 0001, b_i is 1110)
  a_i = 0001, b_i = 1111
[0;31mError![0m: quot_o should be 0000, got 0001 (a_i is 0001, b_i is 1111)
  a_i = 0010, b_i = 0000
[0;31mError![0m: quot_o should be 0000, got 0010 (a_i is 0010, b_i is 0000)
  a_i = 0010, b_i = 0001
[0;31mError![0m: quot_o should be 0010, got 0000 (a_i is 0010, b_i is 0001)
  a_i = 0010, b_i = 0010
[0;31mError![0m: quot_o should be 0001, got 0000 (a_i is 0010, b_i is 0010)
  a_i = 0010, b_i = 0011
[0;31mError![0m: quot_o should be 0000, got 0010 (a_i is 0010, b_i is 0011)
  a_i = 0010, b_i = 0100
[0;31mError![0m: quot_o should be 0000, got 0010 (a_i is 0010, b_i is 0100)
  a_i = 0010, b_i = 0101
[0;31mError![0m: quot_o should be 0000, got 0010 (a_i is 0010, b_i is 0101)
  a_i = 0010, b_i = 0110
[0;31mError![0m: quot_o should be 0000, got 0010 (a_i is 0010, b_i is 0110)
  a_i = 0010, b_i = 0111
[0;31mError![0m: quot_o should be 0000, got 0010 (a_i is 0010, b_i is 0111)
  a_i = 0010, b_i = 1000
[0;31mError![0m: quot_o should be 0000, got 0010 (a_i is 0010, b_i is 1000)
  a_i = 0010, b_i = 1001
[0;31mError![0m: quot_o should be 0000, got 0010 (a_i is 0010, b_i is 1001)
  a_i = 0010, b_i = 1010
[0;31mError![0m: quot_o should be 0000, got 0010 (a_i is 0010, b_i is 1010)
  a_i = 0010, b_i = 1011
[0;31mError![0m: quot_o should be 0000, got 0010 (a_i is 0010, b_i is 1011)
  a_i = 0010, b_i = 1100
[0;31mError![0m: quot_o should be 0000, got 0010 (a_i is 0010, b_i is 1100)
  a_i = 0010, b_i = 1101
[0;31mError![0m: quot_o should be 0000, got 0010 (a_i is 0010, b_i is 1101)
  a_i = 0010, b_i = 1110
[0;31mError![0m: quot_o should be 0000, got 0010 (a_i is 0010, b_i is 1110)
  a_i = 0010, b_i = 1111
[0;31mError![0m: quot_o should be 0000, got 0010 (a_i is 0010, b_i is 1111)
  a_i = 0011, b_i = 0000
[0;31mError![0m: quot_o should be 0000, got 0011 (a_i is 0011, b_i is 0000)
  a_i = 0011, b_i = 0001
[0;31mError![0m: quot_o should be 0011, got 0000 (a_i is 0011, b_i is 0001)
  a_i = 0011, b_i = 0010
  a_i = 0011, b_i = 0011
[0;31mError![0m: quot_o should be 0001, got 0000 (a_i is 0011, b_i is 0011)
  a_i = 0011, b_i = 0100
[0;31mError![0m: quot_o should be 0000, got 0011 (a_i is 0011, b_i is 0100)
  a_i = 0011, b_i = 0101
[0;31mError![0m: quot_o should be 0000, got 0011 (a_i is 0011, b_i is 0101)
  a_i = 0011, b_i = 0110
[0;31mError![0m: quot_o should be 0000, got 0011 (a_i is 0011, b_i is 0110)
  a_i = 0011, b_i = 0111
[0;31mError![0m: quot_o should be 0000, got 0011 (a_i is 0011, b_i is 0111)
  a_i = 0011, b_i = 1000
[0;31mError![0m: quot_o should be 0000, got 0011 (a_i is 0011, b_i is 1000)
  a_i = 0011, b_i = 1001
[0;31mError![0m: quot_o should be 0000, got 0011 (a_i is 0011, b_i is 1001)
  a_i = 0011, b_i = 1010
[0;31mError![0m: quot_o should be 0000, got 0011 (a_i is 0011, b_i is 1010)
  a_i = 0011, b_i = 1011
[0;31mError![0m: quot_o should be 0000, got 0011 (a_i is 0011, b_i is 1011)
  a_i = 0011, b_i = 1100
[0;31mError![0m: quot_o should be 0000, got 0011 (a_i is 0011, b_i is 1100)
  a_i = 0011, b_i = 1101
[0;31mError![0m: quot_o should be 0000, got 0011 (a_i is 0011, b_i is 1101)
  a_i = 0011, b_i = 1110
[0;31mError![0m: quot_o should be 0000, got 0011 (a_i is 0011, b_i is 1110)
  a_i = 0011, b_i = 1111
[0;31mError![0m: quot_o should be 0000, got 0011 (a_i is 0011, b_i is 1111)
  a_i = 0100, b_i = 0000
[0;31mError![0m: quot_o should be 0000, got 0100 (a_i is 0100, b_i is 0000)
  a_i = 0100, b_i = 0001
[0;31mError![0m: quot_o should be 0100, got 0000 (a_i is 0100, b_i is 0001)
  a_i = 0100, b_i = 0010
[0;31mError![0m: quot_o should be 0010, got 0000 (a_i is 0100, b_i is 0010)
  a_i = 0100, b_i = 0011
  a_i = 0100, b_i = 0100
[0;31mError![0m: quot_o should be 0001, got 0000 (a_i is 0100, b_i is 0100)
  a_i = 0100, b_i = 0101
[0;31mError![0m: quot_o should be 0000, got 0100 (a_i is 0100, b_i is 0101)
  a_i = 0100, b_i = 0110
[0;31mError![0m: quot_o should be 0000, got 0100 (a_i is 0100, b_i is 0110)
  a_i = 0100, b_i = 0111
[0;31mError![0m: quot_o should be 0000, got 0100 (a_i is 0100, b_i is 0111)
  a_i = 0100, b_i = 1000
[0;31mError![0m: quot_o should be 0000, got 0100 (a_i is 0100, b_i is 1000)
  a_i = 0100, b_i = 1001
[0;31mError![0m: quot_o should be 0000, got 0100 (a_i is 0100, b_i is 1001)
  a_i = 0100, b_i = 1010
[0;31mError![0m: quot_o should be 0000, got 0100 (a_i is 0100, b_i is 1010)
  a_i = 0100, b_i = 1011
[0;31mError![0m: quot_o should be 0000, got 0100 (a_i is 0100, b_i is 1011)
  a_i = 0100, b_i = 1100
[0;31mError![0m: quot_o should be 0000, got 0100 (a_i is 0100, b_i is 1100)
  a_i = 0100, b_i = 1101
[0;31mError![0m: quot_o should be 0000, got 0100 (a_i is 0100, b_i is 1101)
  a_i = 0100, b_i = 1110
[0;31mError![0m: quot_o should be 0000, got 0100 (a_i is 0100, b_i is 1110)
  a_i = 0100, b_i = 1111
[0;31mError![0m: quot_o should be 0000, got 0100 (a_i is 0100, b_i is 1111)
  a_i = 0101, b_i = 0000
[0;31mError![0m: quot_o should be 0000, got 0101 (a_i is 0101, b_i is 0000)
  a_i = 0101, b_i = 0001
[0;31mError![0m: quot_o should be 0101, got 0000 (a_i is 0101, b_i is 0001)
  a_i = 0101, b_i = 0010
[0;31mError![0m: quot_o should be 0010, got 0001 (a_i is 0101, b_i is 0010)
  a_i = 0101, b_i = 0011
[0;31mError![0m: quot_o should be 0001, got 0010 (a_i is 0101, b_i is 0011)
  a_i = 0101, b_i = 0100
  a_i = 0101, b_i = 0101
[0;31mError![0m: quot_o should be 0001, got 0000 (a_i is 0101, b_i is 0101)
  a_i = 0101, b_i = 0110
[0;31mError![0m: quot_o should be 0000, got 0101 (a_i is 0101, b_i is 0110)
  a_i = 0101, b_i = 0111
[0;31mError![0m: quot_o should be 0000, got 0101 (a_i is 0101, b_i is 0111)
  a_i = 0101, b_i = 1000
[0;31mError![0m: quot_o should be 0000, got 0101 (a_i is 0101, b_i is 1000)
  a_i = 0101, b_i = 1001
[0;31mError![0m: quot_o should be 0000, got 0101 (a_i is 0101, b_i is 1001)
  a_i = 0101, b_i = 1010
[0;31mError![0m: quot_o should be 0000, got 0101 (a_i is 0101, b_i is 1010)
  a_i = 0101, b_i = 1011
[0;31mError![0m: quot_o should be 0000, got 0101 (a_i is 0101, b_i is 1011)
  a_i = 0101, b_i = 1100
[0;31mError![0m: quot_o should be 0000, got 0101 (a_i is 0101, b_i is 1100)
  a_i = 0101, b_i = 1101
[0;31mError![0m: quot_o should be 0000, got 0101 (a_i is 0101, b_i is 1101)
  a_i = 0101, b_i = 1110
[0;31mError![0m: quot_o should be 0000, got 0101 (a_i is 0101, b_i is 1110)
  a_i = 0101, b_i = 1111
[0;31mError![0m: quot_o should be 0000, got 0101 (a_i is 0101, b_i is 1111)
  a_i = 0110, b_i = 0000
[0;31mError![0m: quot_o should be 0000, got 0110 (a_i is 0110, b_i is 0000)
  a_i = 0110, b_i = 0001
[0;31mError![0m: quot_o should be 0110, got 0000 (a_i is 0110, b_i is 0001)
  a_i = 0110, b_i = 0010
[0;31mError![0m: quot_o should be 0011, got 0000 (a_i is 0110, b_i is 0010)
  a_i = 0110, b_i = 0011
[0;31mError![0m: quot_o should be 0010, got 0000 (a_i is 0110, b_i is 0011)
  a_i = 0110, b_i = 0100
[0;31mError![0m: quot_o should be 0001, got 0010 (a_i is 0110, b_i is 0100)
  a_i = 0110, b_i = 0101
  a_i = 0110, b_i = 0110
[0;31mError![0m: quot_o should be 0001, got 0000 (a_i is 0110, b_i is 0110)
  a_i = 0110, b_i = 0111
[0;31mError![0m: quot_o should be 0000, got 0110 (a_i is 0110, b_i is 0111)
  a_i = 0110, b_i = 1000
[0;31mError![0m: quot_o should be 0000, got 0110 (a_i is 0110, b_i is 1000)
  a_i = 0110, b_i = 1001
[0;31mError![0m: quot_o should be 0000, got 0110 (a_i is 0110, b_i is 1001)
  a_i = 0110, b_i = 1010
[0;31mError![0m: quot_o should be 0000, got 0110 (a_i is 0110, b_i is 1010)
  a_i = 0110, b_i = 1011
[0;31mError![0m: quot_o should be 0000, got 0110 (a_i is 0110, b_i is 1011)
  a_i = 0110, b_i = 1100
[0;31mError![0m: quot_o should be 0000, got 0110 (a_i is 0110, b_i is 1100)
  a_i = 0110, b_i = 1101
[0;31mError![0m: quot_o should be 0000, got 0110 (a_i is 0110, b_i is 1101)
  a_i = 0110, b_i = 1110
[0;31mError![0m: quot_o should be 0000, got 0110 (a_i is 0110, b_i is 1110)
  a_i = 0110, b_i = 1111
[0;31mError![0m: quot_o should be 0000, got 0110 (a_i is 0110, b_i is 1111)
  a_i = 0111, b_i = 0000
[0;31mError![0m: quot_o should be 0000, got 0111 (a_i is 0111, b_i is 0000)
  a_i = 0111, b_i = 0001
[0;31mError![0m: quot_o should be 0111, got 0000 (a_i is 0111, b_i is 0001)
  a_i = 0111, b_i = 0010
[0;31mError![0m: quot_o should be 0011, got 0001 (a_i is 0111, b_i is 0010)
  a_i = 0111, b_i = 0011
[0;31mError![0m: quot_o should be 0010, got 0001 (a_i is 0111, b_i is 0011)
  a_i = 0111, b_i = 0100
[0;31mError![0m: quot_o should be 0001, got 0011 (a_i is 0111, b_i is 0100)
  a_i = 0111, b_i = 0101
[0;31mError![0m: quot_o should be 0001, got 0010 (a_i is 0111, b_i is 0101)
  a_i = 0111, b_i = 0110
  a_i = 0111, b_i = 0111
[0;31mError![0m: quot_o should be 0001, got 0000 (a_i is 0111, b_i is 0111)
  a_i = 0111, b_i = 1000
[0;31mError![0m: quot_o should be 0000, got 0111 (a_i is 0111, b_i is 1000)
  a_i = 0111, b_i = 1001
[0;31mError![0m: quot_o should be 0000, got 0111 (a_i is 0111, b_i is 1001)
  a_i = 0111, b_i = 1010
[0;31mError![0m: quot_o should be 0000, got 0111 (a_i is 0111, b_i is 1010)
  a_i = 0111, b_i = 1011
[0;31mError![0m: quot_o should be 0000, got 0111 (a_i is 0111, b_i is 1011)
  a_i = 0111, b_i = 1100
[0;31mError![0m: quot_o should be 0000, got 0111 (a_i is 0111, b_i is 1100)
  a_i = 0111, b_i = 1101
[0;31mError![0m: quot_o should be 0000, got 0111 (a_i is 0111, b_i is 1101)
  a_i = 0111, b_i = 1110
[0;31mError![0m: quot_o should be 0000, got 0111 (a_i is 0111, b_i is 1110)
  a_i = 0111, b_i = 1111
[0;31mError![0m: quot_o should be 0000, got 0111 (a_i is 0111, b_i is 1111)
  a_i = 1000, b_i = 0000
[0;31mError![0m: quot_o should be 0000, got 1000 (a_i is 1000, b_i is 0000)
  a_i = 1000, b_i = 0001
[0;31mError![0m: quot_o should be 1000, got 0000 (a_i is 1000, b_i is 0001)
  a_i = 1000, b_i = 0010
[0;31mError![0m: quot_o should be 0100, got 0000 (a_i is 1000, b_i is 0010)
  a_i = 1000, b_i = 0011
  a_i = 1000, b_i = 0100
[0;31mError![0m: quot_o should be 0010, got 0000 (a_i is 1000, b_i is 0100)
  a_i = 1000, b_i = 0101
[0;31mError![0m: quot_o should be 0001, got 0011 (a_i is 1000, b_i is 0101)
  a_i = 1000, b_i = 0110
[0;31mError![0m: quot_o should be 0001, got 0010 (a_i is 1000, b_i is 0110)
  a_i = 1000, b_i = 0111
  a_i = 1000, b_i = 1000
[0;31mError![0m: quot_o should be 0001, got 0000 (a_i is 1000, b_i is 1000)
  a_i = 1000, b_i = 1001
[0;31mError![0m: quot_o should be 0000, got 1000 (a_i is 1000, b_i is 1001)
  a_i = 1000, b_i = 1010
[0;31mError![0m: quot_o should be 0000, got 1000 (a_i is 1000, b_i is 1010)
  a_i = 1000, b_i = 1011
[0;31mError![0m: quot_o should be 0000, got 1000 (a_i is 1000, b_i is 1011)
  a_i = 1000, b_i = 1100
[0;31mError![0m: quot_o should be 0000, got 1000 (a_i is 1000, b_i is 1100)
  a_i = 1000, b_i = 1101
[0;31mError![0m: quot_o should be 0000, got 1000 (a_i is 1000, b_i is 1101)
  a_i = 1000, b_i = 1110
[0;31mError![0m: quot_o should be 0000, got 1000 (a_i is 1000, b_i is 1110)
  a_i = 1000, b_i = 1111
[0;31mError![0m: quot_o should be 0000, got 1000 (a_i is 1000, b_i is 1111)
  a_i = 1001, b_i = 0000
[0;31mError![0m: quot_o should be 0000, got 1001 (a_i is 1001, b_i is 0000)
  a_i = 1001, b_i = 0001
[0;31mError![0m: quot_o should be 1001, got 0000 (a_i is 1001, b_i is 0001)
  a_i = 1001, b_i = 0010
[0;31mError![0m: quot_o should be 0100, got 0001 (a_i is 1001, b_i is 0010)
  a_i = 1001, b_i = 0011
[0;31mError![0m: quot_o should be 0011, got 0000 (a_i is 1001, b_i is 0011)
  a_i = 1001, b_i = 0100
[0;31mError![0m: quot_o should be 0010, got 0001 (a_i is 1001, b_i is 0100)
  a_i = 1001, b_i = 0101
[0;31mError![0m: quot_o should be 0001, got 0100 (a_i is 1001, b_i is 0101)
  a_i = 1001, b_i = 0110
[0;31mError![0m: quot_o should be 0001, got 0011 (a_i is 1001, b_i is 0110)
  a_i = 1001, b_i = 0111
[0;31mError![0m: quot_o should be 0001, got 0010 (a_i is 1001, b_i is 0111)
  a_i = 1001, b_i = 1000
  a_i = 1001, b_i = 1001
[0;31mError![0m: quot_o should be 0001, got 0000 (a_i is 1001, b_i is 1001)
  a_i = 1001, b_i = 1010
[0;31mError![0m: quot_o should be 0000, got 1001 (a_i is 1001, b_i is 1010)
  a_i = 1001, b_i = 1011
[0;31mError![0m: quot_o should be 0000, got 1001 (a_i is 1001, b_i is 1011)
  a_i = 1001, b_i = 1100
[0;31mError![0m: quot_o should be 0000, got 1001 (a_i is 1001, b_i is 1100)
  a_i = 1001, b_i = 1101
[0;31mError![0m: quot_o should be 0000, got 1001 (a_i is 1001, b_i is 1101)
  a_i = 1001, b_i = 1110
[0;31mError![0m: quot_o should be 0000, got 1001 (a_i is 1001, b_i is 1110)
  a_i = 1001, b_i = 1111
[0;31mError![0m: quot_o should be 0000, got 1001 (a_i is 1001, b_i is 1111)
  a_i = 1010, b_i = 0000
[0;31mError![0m: quot_o should be 0000, got 1010 (a_i is 1010, b_i is 0000)
  a_i = 1010, b_i = 0001
[0;31mError![0m: quot_o should be 1010, got 0000 (a_i is 1010, b_i is 0001)
  a_i = 1010, b_i = 0010
[0;31mError![0m: quot_o should be 0101, got 0000 (a_i is 1010, b_i is 0010)
  a_i = 1010, b_i = 0011
[0;31mError![0m: quot_o should be 0011, got 0001 (a_i is 1010, b_i is 0011)
  a_i = 1010, b_i = 0100
  a_i = 1010, b_i = 0101
[0;31mError![0m: quot_o should be 0010, got 0000 (a_i is 1010, b_i is 0101)
  a_i = 1010, b_i = 0110
[0;31mError![0m: quot_o should be 0001, got 0100 (a_i is 1010, b_i is 0110)
  a_i = 1010, b_i = 0111
[0;31mError![0m: quot_o should be 0001, got 0011 (a_i is 1010, b_i is 0111)
  a_i = 1010, b_i = 1000
[0;31mError![0m: quot_o should be 0001, got 0010 (a_i is 1010, b_i is 1000)
  a_i = 1010, b_i = 1001
  a_i = 1010, b_i = 1010
[0;31mError![0m: quot_o should be 0001, got 0000 (a_i is 1010, b_i is 1010)
  a_i = 1010, b_i = 1011
[0;31mError![0m: quot_o should be 0000, got 1010 (a_i is 1010, b_i is 1011)
  a_i = 1010, b_i = 1100
[0;31mError![0m: quot_o should be 0000, got 1010 (a_i is 1010, b_i is 1100)
  a_i = 1010, b_i = 1101
[0;31mError![0m: quot_o should be 0000, got 1010 (a_i is 1010, b_i is 1101)
  a_i = 1010, b_i = 1110
[0;31mError![0m: quot_o should be 0000, got 1010 (a_i is 1010, b_i is 1110)
  a_i = 1010, b_i = 1111
[0;31mError![0m: quot_o should be 0000, got 1010 (a_i is 1010, b_i is 1111)
  a_i = 1011, b_i = 0000
[0;31mError![0m: quot_o should be 0000, got 1011 (a_i is 1011, b_i is 0000)
  a_i = 1011, b_i = 0001
[0;31mError![0m: quot_o should be 1011, got 0000 (a_i is 1011, b_i is 0001)
  a_i = 1011, b_i = 0010
[0;31mError![0m: quot_o should be 0101, got 0001 (a_i is 1011, b_i is 0010)
  a_i = 1011, b_i = 0011
[0;31mError![0m: quot_o should be 0011, got 0010 (a_i is 1011, b_i is 0011)
  a_i = 1011, b_i = 0100
[0;31mError![0m: quot_o should be 0010, got 0011 (a_i is 1011, b_i is 0100)
  a_i = 1011, b_i = 0101
[0;31mError![0m: quot_o should be 0010, got 0001 (a_i is 1011, b_i is 0101)
  a_i = 1011, b_i = 0110
[0;31mError![0m: quot_o should be 0001, got 0101 (a_i is 1011, b_i is 0110)
  a_i = 1011, b_i = 0111
[0;31mError![0m: quot_o should be 0001, got 0100 (a_i is 1011, b_i is 0111)
  a_i = 1011, b_i = 1000
[0;31mError![0m: quot_o should be 0001, got 0011 (a_i is 1011, b_i is 1000)
  a_i = 1011, b_i = 1001
[0;31mError![0m: quot_o should be 0001, got 0010 (a_i is 1011, b_i is 1001)
  a_i = 1011, b_i = 1010
  a_i = 1011, b_i = 1011
[0;31mError![0m: quot_o should be 0001, got 0000 (a_i is 1011, b_i is 1011)
  a_i = 1011, b_i = 1100
[0;31mError![0m: quot_o should be 0000, got 1011 (a_i is 1011, b_i is 1100)
  a_i = 1011, b_i = 1101
[0;31mError![0m: quot_o should be 0000, got 1011 (a_i is 1011, b_i is 1101)
  a_i = 1011, b_i = 1110
[0;31mError![0m: quot_o should be 0000, got 1011 (a_i is 1011, b_i is 1110)
  a_i = 1011, b_i = 1111
[0;31mError![0m: quot_o should be 0000, got 1011 (a_i is 1011, b_i is 1111)
  a_i = 1100, b_i = 0000
[0;31mError![0m: quot_o should be 0000, got 1100 (a_i is 1100, b_i is 0000)
  a_i = 1100, b_i = 0001
[0;31mError![0m: quot_o should be 1100, got 0000 (a_i is 1100, b_i is 0001)
  a_i = 1100, b_i = 0010
[0;31mError![0m: quot_o should be 0110, got 0000 (a_i is 1100, b_i is 0010)
  a_i = 1100, b_i = 0011
[0;31mError![0m: quot_o should be 0100, got 0000 (a_i is 1100, b_i is 0011)
  a_i = 1100, b_i = 0100
[0;31mError![0m: quot_o should be 0011, got 0000 (a_i is 1100, b_i is 0100)
  a_i = 1100, b_i = 0101
  a_i = 1100, b_i = 0110
[0;31mError![0m: quot_o should be 0010, got 0000 (a_i is 1100, b_i is 0110)
  a_i = 1100, b_i = 0111
[0;31mError![0m: quot_o should be 0001, got 0101 (a_i is 1100, b_i is 0111)
  a_i = 1100, b_i = 1000
[0;31mError![0m: quot_o should be 0001, got 0100 (a_i is 1100, b_i is 1000)
  a_i = 1100, b_i = 1001
[0;31mError![0m: quot_o should be 0001, got 0011 (a_i is 1100, b_i is 1001)
  a_i = 1100, b_i = 1010
[0;31mError![0m: quot_o should be 0001, got 0010 (a_i is 1100, b_i is 1010)
  a_i = 1100, b_i = 1011
  a_i = 1100, b_i = 1100
[0;31mError![0m: quot_o should be 0001, got 0000 (a_i is 1100, b_i is 1100)
  a_i = 1100, b_i = 1101
[0;31mError![0m: quot_o should be 0000, got 1100 (a_i is 1100, b_i is 1101)
  a_i = 1100, b_i = 1110
[0;31mError![0m: quot_o should be 0000, got 1100 (a_i is 1100, b_i is 1110)
  a_i = 1100, b_i = 1111
[0;31mError![0m: quot_o should be 0000, got 1100 (a_i is 1100, b_i is 1111)
  a_i = 1101, b_i = 0000
[0;31mError![0m: quot_o should be 0000, got 1101 (a_i is 1101, b_i is 0000)
  a_i = 1101, b_i = 0001
[0;31mError![0m: quot_o should be 1101, got 0000 (a_i is 1101, b_i is 0001)
  a_i = 1101, b_i = 0010
[0;31mError![0m: quot_o should be 0110, got 0001 (a_i is 1101, b_i is 0010)
  a_i = 1101, b_i = 0011
[0;31mError![0m: quot_o should be 0100, got 0001 (a_i is 1101, b_i is 0011)
  a_i = 1101, b_i = 0100
[0;31mError![0m: quot_o should be 0011, got 0001 (a_i is 1101, b_i is 0100)
  a_i = 1101, b_i = 0101
[0;31mError![0m: quot_o should be 0010, got 0011 (a_i is 1101, b_i is 0101)
  a_i = 1101, b_i = 0110
[0;31mError![0m: quot_o should be 0010, got 0001 (a_i is 1101, b_i is 0110)
  a_i = 1101, b_i = 0111
[0;31mError![0m: quot_o should be 0001, got 0110 (a_i is 1101, b_i is 0111)
  a_i = 1101, b_i = 1000
[0;31mError![0m: quot_o should be 0001, got 0101 (a_i is 1101, b_i is 1000)
  a_i = 1101, b_i = 1001
[0;31mError![0m: quot_o should be 0001, got 0100 (a_i is 1101, b_i is 1001)
  a_i = 1101, b_i = 1010
[0;31mError![0m: quot_o should be 0001, got 0011 (a_i is 1101, b_i is 1010)
  a_i = 1101, b_i = 1011
[0;31mError![0m: quot_o should be 0001, got 0010 (a_i is 1101, b_i is 1011)
  a_i = 1101, b_i = 1100
  a_i = 1101, b_i = 1101
[0;31mError![0m: quot_o should be 0001, got 0000 (a_i is 1101, b_i is 1101)
  a_i = 1101, b_i = 1110
[0;31mError![0m: quot_o should be 0000, got 1101 (a_i is 1101, b_i is 1110)
  a_i = 1101, b_i = 1111
[0;31mError![0m: quot_o should be 0000, got 1101 (a_i is 1101, b_i is 1111)
  a_i = 1110, b_i = 0000
[0;31mError![0m: quot_o should be 0000, got 1110 (a_i is 1110, b_i is 0000)
  a_i = 1110, b_i = 0001
[0;31mError![0m: quot_o should be 1110, got 0000 (a_i is 1110, b_i is 0001)
  a_i = 1110, b_i = 0010
[0;31mError![0m: quot_o should be 0111, got 0000 (a_i is 1110, b_i is 0010)
  a_i = 1110, b_i = 0011
[0;31mError![0m: quot_o should be 0100, got 0010 (a_i is 1110, b_i is 0011)
  a_i = 1110, b_i = 0100
[0;31mError![0m: quot_o should be 0011, got 0010 (a_i is 1110, b_i is 0100)
  a_i = 1110, b_i = 0101
[0;31mError![0m: quot_o should be 0010, got 0100 (a_i is 1110, b_i is 0101)
  a_i = 1110, b_i = 0110
  a_i = 1110, b_i = 0111
[0;31mError![0m: quot_o should be 0010, got 0000 (a_i is 1110, b_i is 0111)
  a_i = 1110, b_i = 1000
[0;31mError![0m: quot_o should be 0001, got 0110 (a_i is 1110, b_i is 1000)
  a_i = 1110, b_i = 1001
[0;31mError![0m: quot_o should be 0001, got 0101 (a_i is 1110, b_i is 1001)
  a_i = 1110, b_i = 1010
[0;31mError![0m: quot_o should be 0001, got 0100 (a_i is 1110, b_i is 1010)
  a_i = 1110, b_i = 1011
[0;31mError![0m: quot_o should be 0001, got 0011 (a_i is 1110, b_i is 1011)
  a_i = 1110, b_i = 1100
[0;31mError![0m: quot_o should be 0001, got 0010 (a_i is 1110, b_i is 1100)
  a_i = 1110, b_i = 1101
  a_i = 1110, b_i = 1110
[0;31mError![0m: quot_o should be 0001, got 0000 (a_i is 1110, b_i is 1110)
  a_i = 1110, b_i = 1111
[0;31mError![0m: quot_o should be 0000, got 1110 (a_i is 1110, b_i is 1111)
  a_i = 1111, b_i = 0000
[0;31mError![0m: quot_o should be 0000, got 1111 (a_i is 1111, b_i is 0000)
  a_i = 1111, b_i = 0001
[0;31mError![0m: quot_o should be 1111, got 0000 (a_i is 1111, b_i is 0001)
  a_i = 1111, b_i = 0010
[0;31mError![0m: quot_o should be 0111, got 0001 (a_i is 1111, b_i is 0010)
  a_i = 1111, b_i = 0011
[0;31mError![0m: quot_o should be 0101, got 0000 (a_i is 1111, b_i is 0011)
  a_i = 1111, b_i = 0100
  a_i = 1111, b_i = 0101
[0;31mError![0m: quot_o should be 0011, got 0000 (a_i is 1111, b_i is 0101)
  a_i = 1111, b_i = 0110
[0;31mError![0m: quot_o should be 0010, got 0011 (a_i is 1111, b_i is 0110)
  a_i = 1111, b_i = 0111
[0;31mError![0m: quot_o should be 0010, got 0001 (a_i is 1111, b_i is 0111)
  a_i = 1111, b_i = 1000
[0;31mError![0m: quot_o should be 0001, got 0111 (a_i is 1111, b_i is 1000)
  a_i = 1111, b_i = 1001
[0;31mError![0m: quot_o should be 0001, got 0110 (a_i is 1111, b_i is 1001)
  a_i = 1111, b_i = 1010
[0;31mError![0m: quot_o should be 0001, got 0101 (a_i is 1111, b_i is 1010)
  a_i = 1111, b_i = 1011
[0;31mError![0m: quot_o should be 0001, got 0100 (a_i is 1111, b_i is 1011)
  a_i = 1111, b_i = 1100
[0;31mError![0m: quot_o should be 0001, got 0011 (a_i is 1111, b_i is 1100)
  a_i = 1111, b_i = 1101
[0;31mError![0m: quot_o should be 0001, got 0010 (a_i is 1111, b_i is 1101)
  a_i = 1111, b_i = 1110
  a_i = 1111, b_i = 1111
[0;31mError![0m: quot_o should be 0001, got 0000 (a_i is 1111, b_i is 1111)
- testbench.sv:66: Verilog $finish
Simulation time is              2560000
[0;31m    ______                    [0m
[0;31m   / ____/_____________  _____[0m
[0;31m  / __/ / ___/ ___/ __ \/ ___/[0m
[0;31m / /___/ /  / /  / /_/ / /    [0m
[0;31m/_____/_/  /_/   \____/_/     [0m

Simulation Failed
