testbench.cg with cycle_time_p          10
VCD info: dumpfile iverilog.vcd opened for output.
VCD warning: $dumpvars: Unsupported argument type (vpiPackage)

  ______          __  __                    __            __           __  _                  _          
 /_  __/__  _____/ /_/ /_  ___  ____  _____/ /_     ___  / /___ ______/ /_(_)____      ____  (_)___  ___ 
  / / / _ \/ ___/ __/ __ \/ _ \/ __ \/ ___/ __ \   / _ \/ / __ `/ ___/ __/ / ___/     / __ \/ / __ \/ _ \
 / / /  __(__  ) /_/ /_/ /  __/ / / / /__/ / / /  /  __/ / /_/ (__  ) /_/ / /__      / /_/ / / /_/ /  __/
/_/  \___/____/\__/_.___/\___/_/ /_/\___/_/ /_/   \___/_/\__,_/____/\__/_/\___/_____/ .___/_/ .___/\___/ 
                                                                             /_____/_/     /_/           
__________ ___________  _______________________________
\______   \\_   _____/ /   _____/\_   _____/\__    ___/
 |       _/ |    __)_  \_____  \  |    __)_   |    |   
 |    |   \ |        \ /        \ |        \  |    |  0->1 time =         10
 |____|_  //_______  //_______  //_______  /  |____|   
 ASYNC  \/         \/         \/         \/            
__________ ___________  _______________________________
\______   \\_   _____/ /   _____/\_   _____/\__    ___/
 |       _/ |    __)_  \_____  \  |    __)_   |    |   
 |    |   \ |        \ /        \ |        \  |    |  1->0 time =        110
 |____|_  //_______  //_______  //_______  /  |____|   
 ASYNC  \/         \/         \/         \/            

Begin Test:
On Cycle           1 (RV: 2dda595b) -- valid_i: 0, yumi_n: 0
On Cycle           2 (RV: 248b4b49) -- valid_i: 0, yumi_n: 0
On Cycle           3 (RV: 9ff2ae3f) -- valid_i: 0, yumi_n: 0
On Cycle           4 (RV: 150caf2a) -- valid_i: 1, yumi_n: 0
On Cycle           5 (RV: 2c156358) -- valid_i: 1, yumi_n: 0
On Cycle           6 (RV: c33f3886) -- valid_i: 1, yumi_n: 1
On Cycle           7 (RV: c71a0c8e) -- valid_i: 1, yumi_n: 0
ERROR: testbench.sv:232: [0;31mError![0m: On output iteration           0 -- data_o should be 24, got 81

       Time: 200000 Scope: testbench
Simulation time is               200000
[0;31m No data transmitted!         [0m
[0;31m    ______                    [0m
[0;31m   / ____/_____________  _____[0m
[0;31m  / __/ / ___/ ___/ __ \/ ___/[0m
[0;31m / /___/ /  / /  / /_/ / /    [0m
[0;31m/_____/_/  /_/   \____/_/     [0m

Simulation Failed
Current System Time is: 06:51:20 PM--02/13/2023
